<?xml version="1.0" encoding="UTF-8"?>
<!-- Generated by org.testng.reporters.JUnitReportReporter -->
<testsuite hostname="GaganKumar" name="com.cucmber.practice.cucumber_practice.AppTest" tests="1" failures="0" timestamp="3 Jul 2020 16:15:55 GMT" time="0.014" errors="0">
  <testcase name="testApp" time="0.014" classname="com.cucmber.practice.cucumber_practice.AppTest"/>
</testsuite> <!-- com.cucmber.practice.cucumber_practice.AppTest -->
